127.0.0.1 - - [23/Aug/2025 19:29:31] "GET / HTTP/1.1" 304 -
127.0.0.1 - - [23/Aug/2025 19:29:31] "GET /script.js HTTP/1.1" 304 -
127.0.0.1 - - [23/Aug/2025 19:33:26] "GET / HTTP/1.1" 304 -
127.0.0.1 - - [23/Aug/2025 19:33:26] "GET /script.js HTTP/1.1" 304 -
127.0.0.1 - - [23/Aug/2025 19:33:26] code 404, message File not found
127.0.0.1 - - [23/Aug/2025 19:33:26] "GET /favicon.ico HTTP/1.1" 404 -
----------------------------------------
Exception occurred during processing of request from ('127.0.0.1', 34922)
Traceback (most recent call last):
  File "/usr/lib/python3.12/http/server.py", line 731, in send_head
    f = open(path, 'rb')
        ^^^^^^^^^^^^^^^^
FileNotFoundError: [Errno 2] No such file or directory: '/var/www/quark/playground/favicon.ico'

During handling of the above exception, another exception occurred:

Traceback (most recent call last):
  File "/usr/lib/python3.12/socketserver.py", line 692, in process_request_thread
    self.finish_request(request, client_address)
  File "/usr/lib/python3.12/http/server.py", line 1311, in finish_request
    self.RequestHandlerClass(request, client_address, self,
  File "/usr/lib/python3.12/http/server.py", line 672, in __init__
    super().__init__(*args, **kwargs)
  File "/usr/lib/python3.12/socketserver.py", line 761, in __init__
    self.handle()
  File "/usr/lib/python3.12/http/server.py", line 436, in handle
    self.handle_one_request()
  File "/usr/lib/python3.12/http/server.py", line 424, in handle_one_request
    method()
  File "/usr/lib/python3.12/http/server.py", line 676, in do_GET
    f = self.send_head()
        ^^^^^^^^^^^^^^^^
  File "/usr/lib/python3.12/http/server.py", line 733, in send_head
    self.send_error(HTTPStatus.NOT_FOUND, "File not found")
  File "/usr/lib/python3.12/http/server.py", line 491, in send_error
    self.wfile.write(body)
  File "/usr/lib/python3.12/socketserver.py", line 840, in write
    self._sock.sendall(b)
BrokenPipeError: [Errno 32] Broken pipe
----------------------------------------
127.0.0.1 - - [23/Aug/2025 19:34:56] "GET / HTTP/1.1" 304 -
127.0.0.1 - - [23/Aug/2025 19:34:56] "GET /script.js HTTP/1.1" 304 -
127.0.0.1 - - [23/Aug/2025 19:57:58] "GET / HTTP/1.1" 304 -
127.0.0.1 - - [23/Aug/2025 19:57:58] "GET /script.js HTTP/1.1" 304 -
127.0.0.1 - - [23/Aug/2025 20:47:54] "GET / HTTP/1.1" 304 -
127.0.0.1 - - [23/Aug/2025 20:47:54] "GET /script.js HTTP/1.1" 304 -
127.0.0.1 - - [23/Aug/2025 20:53:14] "GET / HTTP/1.1" 304 -
127.0.0.1 - - [23/Aug/2025 20:54:08] "GET / HTTP/1.1" 200 -
127.0.0.1 - - [23/Aug/2025 20:54:27] "GET / HTTP/1.1" 304 -
127.0.0.1 - - [23/Aug/2025 20:55:32] "GET / HTTP/1.1" 200 -
127.0.0.1 - - [23/Aug/2025 20:56:56] "GET / HTTP/1.1" 304 -
127.0.0.1 - - [23/Aug/2025 20:56:56] "GET /script.js HTTP/1.1" 200 -
127.0.0.1 - - [23/Aug/2025 21:04:58] "GET / HTTP/1.1" 200 -
127.0.0.1 - - [23/Aug/2025 21:07:29] "GET / HTTP/1.1" 304 -
127.0.0.1 - - [23/Aug/2025 21:07:29] "GET /script.js HTTP/1.1" 304 -
127.0.0.1 - - [23/Aug/2025 21:08:13] "GET / HTTP/1.1" 304 -
127.0.0.1 - - [23/Aug/2025 21:10:21] "GET / HTTP/1.1" 304 -
127.0.0.1 - - [23/Aug/2025 21:10:21] "GET /script.js HTTP/1.1" 200 -
127.0.0.1 - - [23/Aug/2025 21:10:52] "GET / HTTP/1.1" 304 -
127.0.0.1 - - [23/Aug/2025 21:10:52] "GET /script.js HTTP/1.1" 304 -
127.0.0.1 - - [23/Aug/2025 21:10:54] "GET / HTTP/1.1" 304 -
127.0.0.1 - - [23/Aug/2025 21:11:54] "GET / HTTP/1.1" 304 -
127.0.0.1 - - [23/Aug/2025 21:11:54] "GET /script.js HTTP/1.1" 304 -
127.0.0.1 - - [23/Aug/2025 21:13:58] "GET / HTTP/1.1" 304 -
127.0.0.1 - - [23/Aug/2025 21:13:58] "GET /script.js HTTP/1.1" 304 -
127.0.0.1 - - [23/Aug/2025 21:18:23] "GET / HTTP/1.1" 304 -
127.0.0.1 - - [23/Aug/2025 21:18:23] "GET /script.js HTTP/1.1" 304 -
127.0.0.1 - - [23/Aug/2025 21:19:04] "GET / HTTP/1.1" 304 -
